<?xml version="1.0" encoding="UTF-8"?>
<testng-results ignored="0" total="2" passed="2" failed="0" skipped="0">
  <reporter-output>
  </reporter-output>
  <suite started-at="2026-09-22T10:35:25 IST" name="Suite" finished-at="2026-09-22T10:35:25 IST" duration-ms="180">
    <groups>
    </groups>
    <test started-at="2026-09-22T10:35:25 IST" name="Test" finished-at="2026-09-22T10:35:25 IST" duration-ms="180">
      <class name="Pack2.OrgTest">
        <test-method signature="createOrgTest()[pri:0, instance:Pack2.OrgTest@59474f18]" started-at="2026-09-22T10:35:25 IST" name="createOrgTest" finished-at="2026-09-22T10:35:25 IST" duration-ms="29" status="PASS">
          <reporter-output>
          </reporter-output>
        </test-method> <!-- createOrgTest -->
        <test-method signature="modifyOrgTest()[pri:0, instance:Pack2.OrgTest@59474f18]" started-at="2026-09-22T10:35:25 IST" name="modifyOrgTest" finished-at="2026-09-22T10:35:25 IST" duration-ms="8" status="PASS">
          <reporter-output>
          </reporter-output>
        </test-method> <!-- modifyOrgTest -->
      </class> <!-- Pack2.OrgTest -->
    </test> <!-- Test -->
  </suite> <!-- Suite -->
</testng-results>
